{"C:\\Users\\Alejito\\Desktop\\utility-lib\\commitlint.config.cjs": {"path":"C:\\Users\\Alejito\\Desktop\\utility-lib\\commitlint.config.cjs","all":true,"statementMap":{"0":{"start":{"line":1,"column":0},"end":{"line":1,"column":65}}},"s":{"0":0},"branchMap":{"0":{"type":"branch","line":1,"loc":{"start":{"line":1,"column":0},"end":{"line":1,"column":65}},"locations":[{"start":{"line":1,"column":0},"end":{"line":1,"column":65}}]}},"b":{"0":[0]},"fnMap":{"0":{"name":"(empty-report)","decl":{"start":{"line":1,"column":0},"end":{"line":1,"column":65}},"loc":{"start":{"line":1,"column":0},"end":{"line":1,"column":65}},"line":1}},"f":{"0":0}}
,"C:\\Users\\Alejito\\Desktop\\utility-lib\\src\\index.ts": {"path":"C:\\Users\\Alejito\\Desktop\\utility-lib\\src\\index.ts","all":true,"statementMap":{"0":{"start":{"line":1,"column":0},"end":{"line":1,"column":38}},"1":{"start":{"line":2,"column":0},"end":{"line":2,"column":26}}},"s":{"0":0,"1":0},"branchMap":{"0":{"type":"branch","line":1,"loc":{"start":{"line":1,"column":66},"end":{"line":2,"column":26}},"locations":[{"start":{"line":1,"column":66},"end":{"line":2,"column":26}}]}},"b":{"0":[0]},"fnMap":{"0":{"name":"(empty-report)","decl":{"start":{"line":1,"column":66},"end":{"line":2,"column":26}},"loc":{"start":{"line":1,"column":66},"end":{"line":2,"column":26}},"line":1}},"f":{"0":0}}
}
